kotlin version: 1.8.20
error message: org.jetbrains.kotlin.util.KotlinFrontEndException: Front-end Internal error: Failed to analyze declaration AndroidPlatform
File being compiled: (3,1) in /Users/yazantarifi/KMM-Spotify/sopify/src/androidMain/kotlin/com/yazantarifi/kmm/sopy/Platform.kt
The root cause java.lang.AssertionError was thrown at: org.jetbrains.kotlin.com.intellij.openapi.diagnostic.DefaultLogger.error(DefaultLogger.java:57)
	at org.jetbrains.kotlin.resolve.ExceptionWrappingKtVisitorVoid.visitDeclaration(ExceptionWrappingKtVisitorVoid.kt:43)
	at org.jetbrains.kotlin.psi.KtVisitorVoid.visitDeclaration(KtVisitorVoid.java:461)
	at org.jetbrains.kotlin.psi.KtVisitorVoid.visitDeclaration(KtVisitorVoid.java:21)
	at org.jetbrains.kotlin.psi.KtVisitor.visitNamedDeclaration(KtVisitor.java:406)
	at org.jetbrains.kotlin.psi.KtVisitorVoid.visitNamedDeclaration(KtVisitorVoid.java:385)
	at org.jetbrains.kotlin.psi.KtVisitorVoid.visitNamedDeclaration(KtVisitorVoid.java:973)
	at org.jetbrains.kotlin.psi.KtVisitorVoid.visitNamedDeclaration(KtVisitorVoid.java:21)
	at org.jetbrains.kotlin.psi.KtVisitor.visitClassOrObject(KtVisitor.java:41)
	at org.jetbrains.kotlin.psi.KtVisitorVoid.visitClassOrObject(KtVisitorVoid.java:37)
	at org.jetbrains.kotlin.psi.KtVisitorVoid.visitClassOrObject(KtVisitorVoid.java:473)
	at org.jetbrains.kotlin.psi.KtVisitorVoid.visitClassOrObject(KtVisitorVoid.java:21)
	at org.jetbrains.kotlin.psi.KtVisitor.visitClass(KtVisitor.java:33)
	at org.jetbrains.kotlin.psi.KtVisitorVoid.visitClass(KtVisitorVoid.java:33)
	at org.jetbrains.kotlin.psi.KtVisitorVoid.visitClass(KtVisitorVoid.java:467)
	at org.jetbrains.kotlin.psi.KtVisitorVoid.visitClass(KtVisitorVoid.java:21)
	at org.jetbrains.kotlin.psi.KtClass.accept(KtClass.kt:22)
	at org.jetbrains.kotlin.psi.KtElementImplStub.accept(KtElementImplStub.java:49)
	at org.jetbrains.kotlin.resolve.LazyTopDownAnalyzer$analyzeDeclarations$1.registerDeclarations(LazyTopDownAnalyzer.kt:80)
	at org.jetbrains.kotlin.resolve.LazyTopDownAnalyzer$analyzeDeclarations$1.visitKtFile(LazyTopDownAnalyzer.kt:98)
	at org.jetbrains.kotlin.psi.KtVisitorVoid.visitKtFile(KtVisitorVoid.java:521)
	at org.jetbrains.kotlin.psi.KtVisitorVoid.visitKtFile(KtVisitorVoid.java:21)
	at org.jetbrains.kotlin.psi.KtFile.accept(KtFile.kt:250)
	at org.jetbrains.kotlin.psi.KtFile.accept(KtFile.kt:237)
	at org.jetbrains.kotlin.resolve.ExceptionWrappingKtVisitorVoid.visitElement(ExceptionWrappingKtVisitorVoid.kt:27)
	at org.jetbrains.kotlin.com.intellij.psi.PsiElementVisitor.visitFile(PsiElementVisitor.java:35)
	at org.jetbrains.kotlin.psi.KtVisitor.visitKtFile(KtVisitor.java:73)
	at org.jetbrains.kotlin.psi.KtVisitorVoid.visitKtFile(KtVisitorVoid.java:69)
	at org.jetbrains.kotlin.psi.KtVisitorVoid.visitKtFile(KtVisitorVoid.java:521)
	at org.jetbrains.kotlin.psi.KtVisitorVoid.visitKtFile(KtVisitorVoid.java:21)
	at org.jetbrains.kotlin.psi.KtFile.accept(KtFile.kt:250)
	at org.jetbrains.kotlin.psi.KtFile.accept(KtFile.kt:237)
	at org.jetbrains.kotlin.resolve.LazyTopDownAnalyzer.analyzeDeclarations(LazyTopDownAnalyzer.kt:203)
	at org.jetbrains.kotlin.resolve.LazyTopDownAnalyzer.analyzeDeclarations$default(LazyTopDownAnalyzer.kt:58)
	at org.jetbrains.kotlin.cli.jvm.compiler.TopDownAnalyzerFacadeForJVM.analyzeFilesWithJavaIntegration(TopDownAnalyzerFacadeForJVM.kt:130)
	at org.jetbrains.kotlin.cli.jvm.compiler.TopDownAnalyzerFacadeForJVM.analyzeFilesWithJavaIntegration$default(TopDownAnalyzerFacadeForJVM.kt:99)
	at org.jetbrains.kotlin.cli.jvm.compiler.KotlinToJVMBytecodeCompiler$analyze$1.invoke(KotlinToJVMBytecodeCompiler.kt:257)
	at org.jetbrains.kotlin.cli.jvm.compiler.KotlinToJVMBytecodeCompiler$analyze$1.invoke(KotlinToJVMBytecodeCompiler.kt:42)
	at org.jetbrains.kotlin.cli.common.messages.AnalyzerWithCompilerReport.analyzeAndReport(AnalyzerWithCompilerReport.kt:115)
	at org.jetbrains.kotlin.cli.jvm.compiler.KotlinToJVMBytecodeCompiler.analyze(KotlinToJVMBytecodeCompiler.kt:248)
	at org.jetbrains.kotlin.cli.jvm.compiler.KotlinToJVMBytecodeCompiler.compileModules$cli(KotlinToJVMBytecodeCompiler.kt:88)
	at org.jetbrains.kotlin.cli.jvm.compiler.KotlinToJVMBytecodeCompiler.compileModules$cli$default(KotlinToJVMBytecodeCompiler.kt:47)
	at org.jetbrains.kotlin.cli.jvm.K2JVMCompiler.doExecute(K2JVMCompiler.kt:168)
	at org.jetbrains.kotlin.cli.jvm.K2JVMCompiler.doExecute(K2JVMCompiler.kt:53)
	at org.jetbrains.kotlin.cli.common.CLICompiler.execImpl(CLICompiler.kt:100)
	at org.jetbrains.kotlin.cli.common.CLICompiler.execImpl(CLICompiler.kt:46)
	at org.jetbrains.kotlin.cli.common.CLITool.exec(CLITool.kt:101)
	at org.jetbrains.kotlin.incremental.IncrementalJvmCompilerRunner.runCompiler(IncrementalJvmCompilerRunner.kt:495)
	at org.jetbrains.kotlin.incremental.IncrementalJvmCompilerRunner.runCompiler(IncrementalJvmCompilerRunner.kt:133)
	at org.jetbrains.kotlin.incremental.IncrementalCompilerRunner.doCompile(IncrementalCompilerRunner.kt:486)
	at org.jetbrains.kotlin.incremental.IncrementalCompilerRunner.compileImpl(IncrementalCompilerRunner.kt:409)
	at org.jetbrains.kotlin.incremental.IncrementalCompilerRunner.compileNonIncrementally(IncrementalCompilerRunner.kt:290)
	at org.jetbrains.kotlin.incremental.IncrementalCompilerRunner.compile(IncrementalCompilerRunner.kt:112)
	at org.jetbrains.kotlin.daemon.CompileServiceImplBase.execIncrementalCompiler(CompileServiceImpl.kt:627)
	at org.jetbrains.kotlin.daemon.CompileServiceImplBase.access$execIncrementalCompiler(CompileServiceImpl.kt:101)
	at org.jetbrains.kotlin.daemon.CompileServiceImpl.compile(CompileServiceImpl.kt:1587)
	at java.base/jdk.internal.reflect.NativeMethodAccessorImpl.invoke0(Native Method)
	at java.base/jdk.internal.reflect.NativeMethodAccessorImpl.invoke(Unknown Source)
	at java.base/jdk.internal.reflect.DelegatingMethodAccessorImpl.invoke(Unknown Source)
	at java.base/java.lang.reflect.Method.invoke(Unknown Source)
	at java.rmi/sun.rmi.server.UnicastServerRef.dispatch(Unknown Source)
	at java.rmi/sun.rmi.transport.Transport$1.run(Unknown Source)
	at java.rmi/sun.rmi.transport.Transport$1.run(Unknown Source)
	at java.base/java.security.AccessController.doPrivileged(Unknown Source)
	at java.rmi/sun.rmi.transport.Transport.serviceCall(Unknown Source)
	at java.rmi/sun.rmi.transport.tcp.TCPTransport.handleMessages(Unknown Source)
	at java.rmi/sun.rmi.transport.tcp.TCPTransport$ConnectionHandler.run0(Unknown Source)
	at java.rmi/sun.rmi.transport.tcp.TCPTransport$ConnectionHandler.lambda$run$0(Unknown Source)
	at java.base/java.security.AccessController.doPrivileged(Unknown Source)
	at java.rmi/sun.rmi.transport.tcp.TCPTransport$ConnectionHandler.run(Unknown Source)
	at java.base/java.util.concurrent.ThreadPoolExecutor.runWorker(Unknown Source)
	at java.base/java.util.concurrent.ThreadPoolExecutor$Worker.run(Unknown Source)
	at java.base/java.lang.Thread.run(Unknown Source)
Caused by: java.lang.AssertionError: io.realm.kotlin.compiler.RealmModelSyntheticCompanionExtension caused LinkageError
	at org.jetbrains.kotlin.com.intellij.openapi.diagnostic.DefaultLogger.error(DefaultLogger.java:57)
	at org.jetbrains.kotlin.com.intellij.openapi.diagnostic.Logger.error(Logger.java:187)
	at org.jetbrains.kotlin.resolve.extensions.SyntheticResolveExtension$Companion$getInstance$1.generateSyntheticClasses(SyntheticResolveExtension.kt:264)
	at org.jetbrains.kotlin.resolve.lazy.descriptors.LazyPackageMemberScope.getNonDeclaredClasses(LazyPackageMemberScope.kt:54)
	at org.jetbrains.kotlin.resolve.lazy.descriptors.AbstractLazyMemberScope.doGetClasses(AbstractLazyMemberScope.kt:70)
	at org.jetbrains.kotlin.resolve.lazy.descriptors.AbstractLazyMemberScope.access$doGetClasses(AbstractLazyMemberScope.kt:38)
	at org.jetbrains.kotlin.resolve.lazy.descriptors.AbstractLazyMemberScope$classDescriptors$1.invoke(AbstractLazyMemberScope.kt:49)
	at org.jetbrains.kotlin.resolve.lazy.descriptors.AbstractLazyMemberScope$classDescriptors$1.invoke(AbstractLazyMemberScope.kt:49)
	at org.jetbrains.kotlin.storage.LockBasedStorageManager$MapBasedMemoizedFunction.invoke(LockBasedStorageManager.java:578)
	at org.jetbrains.kotlin.storage.LockBasedStorageManager$MapBasedMemoizedFunctionToNotNull.invoke(LockBasedStorageManager.java:651)
	at org.jetbrains.kotlin.resolve.lazy.descriptors.AbstractLazyMemberScope.getContributedClassifier(AbstractLazyMemberScope.kt:77)
	at org.jetbrains.kotlin.resolve.lazy.LazyDeclarationResolver.findClassDescriptorIfAny(LazyDeclarationResolver.kt:77)
	at org.jetbrains.kotlin.resolve.lazy.LazyDeclarationResolver.findClassDescriptor(LazyDeclarationResolver.kt:87)
	at org.jetbrains.kotlin.resolve.lazy.LazyDeclarationResolver.getClassDescriptor(LazyDeclarationResolver.kt:62)
	at org.jetbrains.kotlin.resolve.LazyTopDownAnalyzer$analyzeDeclarations$1.visitClassOrObject(LazyTopDownAnalyzer.kt:120)
	at org.jetbrains.kotlin.resolve.LazyTopDownAnalyzer$analyzeDeclarations$1.visitClass(LazyTopDownAnalyzer.kt:148)
	at org.jetbrains.kotlin.psi.KtVisitorVoid.visitClass(KtVisitorVoid.java:467)
	at org.jetbrains.kotlin.psi.KtVisitorVoid.visitClass(KtVisitorVoid.java:21)
	at org.jetbrains.kotlin.psi.KtClass.accept(KtClass.kt:22)
	at org.jetbrains.kotlin.psi.KtElementImplStub.accept(KtElementImplStub.java:49)
	at org.jetbrains.kotlin.resolve.ExceptionWrappingKtVisitorVoid.visitDeclaration(ExceptionWrappingKtVisitorVoid.kt:32)
	... 71 more
Caused by: java.lang.NoClassDefFoundError: org/jetbrains/kotlin/resolve/extensions/SyntheticResolveExtension$DefaultImpls
	at io.realm.kotlin.compiler.RealmModelSyntheticCompanionExtension.generateSyntheticClasses(RealmModelSyntheticCompanionExtension.kt:42)
	at org.jetbrains.kotlin.resolve.extensions.SyntheticResolveExtension$Companion$getInstance$1.generateSyntheticClasses(SyntheticResolveExtension.kt:77)
	... 89 more
Caused by: java.lang.ClassNotFoundException: org.jetbrains.kotlin.resolve.extensions.SyntheticResolveExtension$DefaultImpls
	at java.base/java.net.URLClassLoader.findClass(Unknown Source)
	at java.base/java.lang.ClassLoader.loadClass(Unknown Source)
	at java.base/java.lang.ClassLoader.loadClass(Unknown Source)
	... 91 more


